<?xml version="1.0" encoding="UTF-8"?>
<testsuite name="com.example.services.LibroServiceTest" tests="6" skipped="0" failures="0" errors="0" timestamp="2022-02-18T10:52:55" hostname="pcdev" time="0.003">
  <properties/>
  <testcase name="testName()" classname="com.example.services.LibroServiceTest" time="0.0"/>
  <testcase name="testSave()" classname="com.example.services.LibroServiceTest" time="0.0"/>
  <testcase name="testFindById()" classname="com.example.services.LibroServiceTest" time="0.0"/>
  <testcase name="testDelete()" classname="com.example.services.LibroServiceTest" time="0.0"/>
  <testcase name="testGetAll()" classname="com.example.services.LibroServiceTest" time="0.0"/>
  <testcase name="testUpdate()" classname="com.example.services.LibroServiceTest" time="0.001"/>
  <system-out><![CDATA[]]></system-out>
  <system-err><![CDATA[]]></system-err>
</testsuite>
