<?xml version="1.0" encoding="UTF-8"?>
<testsuite name="com.example.demo.DemoApplicationTests" tests="2" skipped="0" failures="0" errors="0" timestamp="2022-02-18T10:52:55" hostname="pcdev" time="0.255">
  <properties/>
  <testcase name="testName()" classname="com.example.demo.DemoApplicationTests" time="0.157"/>
  <testcase name="contextLoads()" classname="com.example.demo.DemoApplicationTests" time="0.097"/>
  <system-out><![CDATA[11:52:51.486 [Test worker] DEBUG org.springframework.test.context.BootstrapUtils - Instantiating CacheAwareContextLoaderDelegate from class [org.springframework.test.context.cache.DefaultCacheAwareContextLoaderDelegate]
11:52:51.491 [Test worker] DEBUG org.springframework.test.context.BootstrapUtils - Instantiating BootstrapContext using constructor [public org.springframework.test.context.support.DefaultBootstrapContext(java.lang.Class,org.springframework.test.context.CacheAwareContextLoaderDelegate)]
11:52:51.508 [Test worker] DEBUG org.springframework.test.context.BootstrapUtils - Instantiating TestContextBootstrapper for test class [com.example.demo.DemoApplicationTests] from class [org.springframework.boot.test.context.SpringBootTestContextBootstrapper]
11:52:51.513 [Test worker] INFO org.springframework.boot.test.context.SpringBootTestContextBootstrapper - Neither @ContextConfiguration nor @ContextHierarchy found for test class [com.example.demo.DemoApplicationTests], using SpringBootContextLoader
11:52:51.515 [Test worker] DEBUG org.springframework.test.context.support.AbstractContextLoader - Did not detect default resource location for test class [com.example.demo.DemoApplicationTests]: class path resource [com/example/demo/DemoApplicationTests-context.xml] does not exist
11:52:51.516 [Test worker] DEBUG org.springframework.test.context.support.AbstractContextLoader - Did not detect default resource location for test class [com.example.demo.DemoApplicationTests]: class path resource [com/example/demo/DemoApplicationTestsContext.groovy] does not exist
11:52:51.516 [Test worker] INFO org.springframework.test.context.support.AbstractContextLoader - Could not detect default resource locations for test class [com.example.demo.DemoApplicationTests]: no resource found for suffixes {-context.xml, Context.groovy}.
11:52:51.516 [Test worker] INFO org.springframework.test.context.support.AnnotationConfigContextLoaderUtils - Could not detect default configuration classes for test class [com.example.demo.DemoApplicationTests]: DemoApplicationTests does not declare any static, non-private, non-final, nested classes annotated with @Configuration.
11:52:51.656 [Test worker] DEBUG org.springframework.test.context.support.ActiveProfilesUtils - Could not find an 'annotation declaring class' for annotation type [org.springframework.test.context.ActiveProfiles] and class [com.example.demo.DemoApplicationTests]
11:52:51.690 [Test worker] DEBUG org.springframework.context.annotation.ClassPathScanningCandidateComponentProvider - Identified candidate component class: file [/home/dev/Documents/a2021-22/gr_gitlab.com_c6335/springboot-esperimenti/build/classes/java/main/com/example/DemoApplication.class]
11:52:51.691 [Test worker] INFO org.springframework.boot.test.context.SpringBootTestContextBootstrapper - Found @SpringBootConfiguration com.example.DemoApplication for test class com.example.demo.DemoApplicationTests
11:52:51.730 [Test worker] DEBUG org.springframework.boot.test.context.SpringBootTestContextBootstrapper - @TestExecutionListeners is not present for class [com.example.demo.DemoApplicationTests]: using defaults.
11:52:51.731 [Test worker] INFO org.springframework.boot.test.context.SpringBootTestContextBootstrapper - Loaded default TestExecutionListener class names from location [META-INF/spring.factories]: [org.springframework.boot.test.autoconfigure.restdocs.RestDocsTestExecutionListener, org.springframework.boot.test.autoconfigure.web.client.MockRestServiceServerResetTestExecutionListener, org.springframework.boot.test.autoconfigure.web.servlet.MockMvcPrintOnlyOnFailureTestExecutionListener, org.springframework.boot.test.autoconfigure.web.servlet.WebDriverTestExecutionListener, org.springframework.boot.test.autoconfigure.webservices.client.MockWebServiceServerTestExecutionListener, org.springframework.boot.test.mock.mockito.MockitoTestExecutionListener, org.springframework.boot.test.mock.mockito.ResetMocksTestExecutionListener, org.springframework.test.context.web.ServletTestExecutionListener, org.springframework.test.context.support.DirtiesContextBeforeModesTestExecutionListener, org.springframework.test.context.event.ApplicationEventsTestExecutionListener, org.springframework.test.context.support.DependencyInjectionTestExecutionListener, org.springframework.test.context.support.DirtiesContextTestExecutionListener, org.springframework.test.context.transaction.TransactionalTestExecutionListener, org.springframework.test.context.jdbc.SqlScriptsTestExecutionListener, org.springframework.test.context.event.EventPublishingTestExecutionListener]
11:52:51.741 [Test worker] INFO org.springframework.boot.test.context.SpringBootTestContextBootstrapper - Using TestExecutionListeners: [org.springframework.test.context.web.ServletTestExecutionListener@5c3b6c6e, org.springframework.test.context.support.DirtiesContextBeforeModesTestExecutionListener@4fbda97b, org.springframework.test.context.event.ApplicationEventsTestExecutionListener@75f5fd58, org.springframework.boot.test.mock.mockito.MockitoTestExecutionListener@37b70343, org.springframework.boot.test.autoconfigure.SpringBootDependencyInjectionTestExecutionListener@306851c7, org.springframework.test.context.support.DirtiesContextTestExecutionListener@12bcd0c0, org.springframework.test.context.transaction.TransactionalTestExecutionListener@4879f0f2, org.springframework.test.context.jdbc.SqlScriptsTestExecutionListener@47db5fa5, org.springframework.test.context.event.EventPublishingTestExecutionListener@354fc8f0, org.springframework.boot.test.autoconfigure.restdocs.RestDocsTestExecutionListener@41813449, org.springframework.boot.test.autoconfigure.web.client.MockRestServiceServerResetTestExecutionListener@4678a2eb, org.springframework.boot.test.autoconfigure.web.servlet.MockMvcPrintOnlyOnFailureTestExecutionListener@5b43fbf6, org.springframework.boot.test.autoconfigure.web.servlet.WebDriverTestExecutionListener@1080b026, org.springframework.boot.test.autoconfigure.webservices.client.MockWebServiceServerTestExecutionListener@58ebfd03, org.springframework.boot.test.mock.mockito.ResetMocksTestExecutionListener@5b07730f]
11:52:51.742 [Test worker] DEBUG org.springframework.test.context.support.AbstractDirtiesContextTestExecutionListener - Before test class: context [DefaultTestContext@4bef0fe3 testClass = DemoApplicationTests, testInstance = [null], testMethod = [null], testException = [null], mergedContextConfiguration = [WebMergedContextConfiguration@62ea3440 testClass = DemoApplicationTests, locations = '{}', classes = '{class com.example.DemoApplication}', contextInitializerClasses = '[]', activeProfiles = '{}', propertySourceLocations = '{}', propertySourceProperties = '{org.springframework.boot.test.context.SpringBootTestContextBootstrapper=true}', contextCustomizers = set[org.springframework.boot.test.autoconfigure.actuate.metrics.MetricsExportContextCustomizerFactory$DisableMetricExportContextCustomizer@41ab013, org.springframework.boot.test.autoconfigure.properties.PropertyMappingContextCustomizer@0, org.springframework.boot.test.autoconfigure.web.servlet.WebDriverContextCustomizerFactory$Customizer@69f1a286, org.springframework.boot.test.context.filter.ExcludeFilterContextCustomizer@3f57bcad, org.springframework.boot.test.json.DuplicateJsonObjectContextCustomizerFactory$DuplicateJsonObjectContextCustomizer@71e9ebae, org.springframework.boot.test.mock.mockito.MockitoContextCustomizer@0, org.springframework.boot.test.web.client.TestRestTemplateContextCustomizer@7d446ed1, org.springframework.boot.test.context.SpringBootTestArgs@1, org.springframework.boot.test.context.SpringBootTestWebEnvironment@70325e14], resourceBasePath = 'src/main/webapp', contextLoader = 'org.springframework.boot.test.context.SpringBootContextLoader', parent = [null]], attributes = map['org.springframework.test.context.web.ServletTestExecutionListener.activateListener' -> true]], class annotated with @DirtiesContext [false] with mode [null].
11:52:51.790 [Test worker] DEBUG org.springframework.boot.ApplicationServletEnvironment - Activating profiles []
11:52:51.792 [Test worker] DEBUG org.springframework.test.context.support.TestPropertySourceUtils - Adding inlined properties to environment: {spring.jmx.enabled=false, org.springframework.boot.test.context.SpringBootTestContextBootstrapper=true}

  .   ____          _            __ _ _
 /\\ / ___'_ __ _ _(_)_ __  __ _ \ \ \ \
( ( )\___ | '_ | '_| | '_ \/ _` | \ \ \ \
 \\/  ___)| |_)| | | | | || (_| |  ) ) ) )
  '  |____| .__|_| |_|_| |_\__, | / / / /
 =========|_|==============|___/=/_/_/_/
 :: Spring Boot ::                (v2.6.0)

2022-02-18 11:52:51.948  INFO 28486 --- [    Test worker] com.example.demo.DemoApplicationTests    : Starting DemoApplicationTests using Java 16.0.2 on pcdev with PID 28486 (started by dev in /home/dev/Documents/a2021-22/gr_gitlab.com_c6335/springboot-esperimenti)
2022-02-18 11:52:51.948  INFO 28486 --- [    Test worker] com.example.demo.DemoApplicationTests    : No active profile set, falling back to default profiles: default
2022-02-18 11:52:52.305  INFO 28486 --- [    Test worker] .s.d.r.c.RepositoryConfigurationDelegate : Bootstrapping Spring Data JPA repositories in DEFAULT mode.
2022-02-18 11:52:52.335  INFO 28486 --- [    Test worker] .s.d.r.c.RepositoryConfigurationDelegate : Finished Spring Data repository scanning in 25 ms. Found 1 JPA repository interfaces.
2022-02-18 11:52:52.669  INFO 28486 --- [    Test worker] o.hibernate.jpa.internal.util.LogHelper  : HHH000204: Processing PersistenceUnitInfo [name: default]
2022-02-18 11:52:52.704  INFO 28486 --- [    Test worker] org.hibernate.Version                    : HHH000412: Hibernate ORM core version 5.6.1.Final
2022-02-18 11:52:52.799  INFO 28486 --- [    Test worker] o.hibernate.annotations.common.Version   : HCANN000001: Hibernate Commons Annotations {5.1.2.Final}
2022-02-18 11:52:52.855  INFO 28486 --- [    Test worker] com.zaxxer.hikari.HikariDataSource       : HikariPool-1 - Starting...
2022-02-18 11:52:52.948  INFO 28486 --- [    Test worker] com.zaxxer.hikari.HikariDataSource       : HikariPool-1 - Start completed.
2022-02-18 11:52:52.956  INFO 28486 --- [    Test worker] org.hibernate.dialect.Dialect            : HHH000400: Using dialect: org.hibernate.dialect.MySQL5InnoDBDialect
Hibernate: drop table if exists libri
Hibernate: create table libri (id bigint not null auto_increment, autore varchar(255), prezzo_di_copertina decimal(19,4), titolo varchar(255) not null, primary key (id)) engine=InnoDB
2022-02-18 11:52:53.828  INFO 28486 --- [    Test worker] o.h.e.t.j.p.i.JtaPlatformInitiator       : HHH000490: Using JtaPlatform implementation: [org.hibernate.engine.transaction.jta.platform.internal.NoJtaPlatform]
2022-02-18 11:52:53.844  INFO 28486 --- [    Test worker] j.LocalContainerEntityManagerFactoryBean : Initialized JPA EntityManagerFactory for persistence unit 'default'
2022-02-18 11:52:54.300  WARN 28486 --- [    Test worker] JpaBaseConfiguration$JpaWebConfiguration : spring.jpa.open-in-view is enabled by default. Therefore, database queries may be performed during view rendering. Explicitly configure spring.jpa.open-in-view to disable this warning
2022-02-18 11:52:55.065  INFO 28486 --- [    Test worker] com.example.demo.DemoApplicationTests    : Started DemoApplicationTests in 3.272 seconds (JVM running for 4.058)
{ id='0', summary='Test', description='Hello', done='false', dueDate='2021-12-02'}
Hibernate: insert into libri (autore, prezzo_di_copertina, titolo) values (?, ?, ?)
Hibernate: select libro0_.id as id1_0_0_, libro0_.autore as autore2_0_0_, libro0_.prezzo_di_copertina as prezzo_d3_0_0_, libro0_.titolo as titolo4_0_0_ from libri libro0_ where libro0_.id=?
]]></system-out>
  <system-err><![CDATA[]]></system-err>
</testsuite>
